
****** PlanAhead v14.7
  **** Build 321239 by xbuild on Fri Sep 27 19:31:35 MDT 2013
    ** Copyright 1986-1999, 2001-2013 Xilinx, Inc. All Rights Reserved.

INFO: [Common 17-78] Attempting to get a license: PlanAhead
INFO: [Common 17-290] Got license for PlanAhead
INFO: [Device 21-36] Loading parts and site information from C:/Xilinx/14.7/ISE_DS/PlanAhead/data/parts/arch.xml
Parsing RTL primitives file [C:/Xilinx/14.7/ISE_DS/PlanAhead/data/parts/xilinx/rtl/prims/rtl_prims.xml]
Finished parsing RTL primitives file [C:/Xilinx/14.7/ISE_DS/PlanAhead/data/parts/xilinx/rtl/prims/rtl_prims.xml]
start_gui
source D:/ForME/0_Code/GitHub/hardware-design/Ora_Food_Cat/pa.fromHdl.tcl
# create_project -name Ora_Food_Cat -dir "D:/ForME/0_Code/GitHub/hardware-design/Ora_Food_Cat/planAhead_run_2" -part xc6slx9tqg144-3
# set_param project.pinAheadLayout yes
# set srcset [get_property srcset [current_run -impl]]
# set_property target_constrs_file "main.ucf" [current_fileset -constrset]
Adding file 'D:/ForME/0_Code/GitHub/hardware-design/Ora_Food_Cat/main.ucf' to fileset 'constrs_1'
# set hdlfile [add_files [list {T_FLIPFLOP.vhd}]]
# set_property file_type VHDL $hdlfile
# set_property library work $hdlfile
# set hdlfile [add_files [list {Encoder_4_2.vhd}]]
# set_property file_type VHDL $hdlfile
# set_property library work $hdlfile
# set hdlfile [add_files [list {DIV20M_160K.vhd}]]
# set_property file_type VHDL $hdlfile
# set_property library work $hdlfile
# set hdlfile [add_files [list {Counter_0_7.vhd}]]
# set_property file_type VHDL $hdlfile
# set_property library work $hdlfile
# set hdlfile [add_files [list {Counter_0_15.vhd}]]
# set_property file_type VHDL $hdlfile
# set_property library work $hdlfile
# set hdlfile [add_files [list {UART_Receiver.vhd}]]
# set_property file_type VHDL $hdlfile
# set_property library work $hdlfile
# set hdlfile [add_files [list {Input_Controller.vhd}]]
# set_property file_type VHDL $hdlfile
# set_property library work $hdlfile
# set hdlfile [add_files [list {Button_Input.vhd}]]
# set_property file_type VHDL $hdlfile
# set_property library work $hdlfile
# set hdlfile [add_files [list {main.vhd}]]
# set_property file_type VHDL $hdlfile
# set_property library work $hdlfile
# set_property top main $srcset
# add_files [list {main.ucf}] -fileset [get_property constrset [current_run]]
# open_rtl_design -part xc6slx9tqg144-3
Using Verific elaboration
Parsing VHDL file "C:/Xilinx/14.7/ISE_DS/PlanAhead/data/parts/xilinx/rtl/lib/synplify/synattr.vhd" into library synplify
Parsing VHDL file "C:/Xilinx/14.7/ISE_DS/PlanAhead/data/parts/xilinx/rtl/lib/synplify/synattr.vhd" into library synplify
Parsing VHDL file "D:/ForME/0_Code/GitHub/hardware-design/Ora_Food_Cat/T_FLIPFLOP.vhd" into library work
Parsing VHDL file "D:/ForME/0_Code/GitHub/hardware-design/Ora_Food_Cat/Encoder_4_2.vhd" into library work
Parsing VHDL file "D:/ForME/0_Code/GitHub/hardware-design/Ora_Food_Cat/DIV20M_160K.vhd" into library work
Parsing VHDL file "D:/ForME/0_Code/GitHub/hardware-design/Ora_Food_Cat/Counter_0_7.vhd" into library work
Parsing VHDL file "D:/ForME/0_Code/GitHub/hardware-design/Ora_Food_Cat/Counter_0_15.vhd" into library work
Parsing VHDL file "D:/ForME/0_Code/GitHub/hardware-design/Ora_Food_Cat/UART_Receiver.vhd" into library work
Parsing VHDL file "D:/ForME/0_Code/GitHub/hardware-design/Ora_Food_Cat/Input_Controller.vhd" into library work
Parsing VHDL file "D:/ForME/0_Code/GitHub/hardware-design/Ora_Food_Cat/Button_Input.vhd" into library work
Parsing VHDL file "D:/ForME/0_Code/GitHub/hardware-design/Ora_Food_Cat/main.vhd" into library work
Loading clock regions from C:/Xilinx/14.7/ISE_DS/PlanAhead/data\parts/xilinx/spartan6/spartan6lx/xc6slx9/ClockRegion.xml
Loading clock buffers from C:/Xilinx/14.7/ISE_DS/PlanAhead/data\parts/xilinx/spartan6/spartan6lx/xc6slx9/ClockBuffers.xml
Loading package pin functions from C:/Xilinx/14.7/ISE_DS/PlanAhead/data\parts/xilinx/spartan6/PinFunctions.xml...
Loading package from C:/Xilinx/14.7/ISE_DS/PlanAhead/data\parts/xilinx/spartan6/spartan6lx/xc6slx9/tqg144/Package.xml
Loading io standards from C:/Xilinx/14.7/ISE_DS/PlanAhead/data\./parts/xilinx/spartan6/IOStandards.xml
Loading device configuration modes from C:/Xilinx/14.7/ISE_DS/PlanAhead/data\parts/xilinx/spartan6/ConfigModes.xml
Loading list of drcs for the architecture : C:/Xilinx/14.7/ISE_DS/PlanAhead/data\./parts/xilinx/spartan6/drc.xml
Parsing UCF File [D:/ForME/0_Code/GitHub/hardware-design/Ora_Food_Cat/main.ucf]
CRITICAL WARNING: [Constraints 18-11] Could not find net or pin 'LOG[3]' [D:/ForME/0_Code/GitHub/hardware-design/Ora_Food_Cat/main.ucf:6]
CRITICAL WARNING: [Constraints 18-11] Could not find net or pin 'LOG[4]' [D:/ForME/0_Code/GitHub/hardware-design/Ora_Food_Cat/main.ucf:7]
CRITICAL WARNING: [Constraints 18-11] Could not find net or pin 'LOG[5]' [D:/ForME/0_Code/GitHub/hardware-design/Ora_Food_Cat/main.ucf:8]
CRITICAL WARNING: [Constraints 18-11] Could not find net or pin 'LOG[6]' [D:/ForME/0_Code/GitHub/hardware-design/Ora_Food_Cat/main.ucf:9]
CRITICAL WARNING: [Constraints 18-11] Could not find net or pin 'LOG[7]' [D:/ForME/0_Code/GitHub/hardware-design/Ora_Food_Cat/main.ucf:10]
Finished Parsing UCF File [D:/ForME/0_Code/GitHub/hardware-design/Ora_Food_Cat/main.ucf]
INFO: [Designutils 20-20] Invalid constraints found, use command 'write_ucf -constraints invalid <file>' to save all the invalid constraints to a file
INFO: [Project 1-111] Unisim Transformation Summary:
No Unisim elements were transformed.

Phase 0 | Netlist Checksum: c5986d43
open_rtl_design: Time (s): elapsed = 00:00:07 . Memory (MB): peak = 518.461 ; gain = 99.445
update_compile_order -fileset sim_1
startgroup
set_property package_pin P45 [get_ports {BTIN[3]}]
endgroup
set_property package_pin "" [get_ports [list  {BTIN[2]}]]
startgroup
set_property package_pin P50 [get_ports {BTIN[3]}]
endgroup
startgroup
set_property package_pin P45 [get_ports {BTIN[0]}]
endgroup
startgroup
set_property package_pin P46 [get_ports {BTIN[1]}]
endgroup
startgroup
set_property package_pin P47 [get_ports {BTIN[2]}]
endgroup
startgroup
set_property package_pin P48 [get_ports {BTIN[3]}]
endgroup
save_constraints
exit
ERROR: [Common 17-39] 'stop_gui' failed due to earlier errors.
INFO: [Common 17-206] Exiting PlanAhead at Mon May 23 03:06:55 2022...
INFO: [Common 17-83] Releasing license: PlanAhead
